<?xml version="1.0" encoding="UTF-8"?>
<testng-results ignored="0" total="3" passed="3" failed="0" skipped="0">
  <reporter-output>
  </reporter-output>
  <suite started-at="2022-09-15T23:25:15 IST" name="Suite" finished-at="2022-09-15T23:25:17 IST" duration-ms="2071">
    <groups>
    </groups>
    <test started-at="2022-09-15T23:25:15 IST" name="Test" finished-at="2022-09-15T23:25:17 IST" duration-ms="2071">
      <class name="tests.FourTest">
        <test-method signature="fourTest()[pri:0, instance:tests.FourTest@156b88f5]" started-at="2022-09-15T23:25:16 IST" name="fourTest" finished-at="2022-09-15T23:25:17 IST" duration-ms="1002" status="PASS">
          <reporter-output>
          </reporter-output>
        </test-method> <!-- fourTest -->
      </class> <!-- tests.FourTest -->
      <class name="tests.ThreeTest">
        <test-method signature="threeTest()[pri:0, instance:tests.ThreeTest@25084a1e]" started-at="2022-09-15T23:25:15 IST" name="threeTest" finished-at="2022-09-15T23:25:16 IST" duration-ms="1002" status="PASS">
          <reporter-output>
          </reporter-output>
        </test-method> <!-- threeTest -->
      </class> <!-- tests.ThreeTest -->
      <class name="tests.TwoTest">
        <test-method signature="twoTest()[pri:0, instance:tests.TwoTest@73700b80]" started-at="2022-09-15T23:25:15 IST" name="twoTest" finished-at="2022-09-15T23:25:15 IST" duration-ms="7" status="PASS">
          <reporter-output>
          </reporter-output>
        </test-method> <!-- twoTest -->
      </class> <!-- tests.TwoTest -->
    </test> <!-- Test -->
  </suite> <!-- Suite -->
</testng-results>
