<?xml version="1.0" encoding="UTF-8"?>
<testng-results ignored="0" total="1" passed="1" failed="0" skipped="0">
  <reporter-output>
  </reporter-output>
  <suite started-at="2022-09-17T16:23:27 IST" name="Suite" finished-at="2022-09-17T16:23:43 IST" duration-ms="15322">
    <groups>
    </groups>
    <test started-at="2022-09-17T16:23:27 IST" name="Test" finished-at="2022-09-17T16:23:43 IST" duration-ms="15322">
      <class name="tests.LoginTest">
        <test-method is-config="true" signature="setup()[pri:0, instance:tests.LoginTest@5454d35e]" started-at="2022-09-17T16:23:27 IST" name="setup" finished-at="2022-09-17T16:23:39 IST" duration-ms="11851" status="PASS">
          <reporter-output>
          </reporter-output>
        </test-method> <!-- setup -->
        <test-method signature="loginTest(java.lang.String,java.lang.String,java.lang.String)[pri:0, instance:tests.LoginTest@5454d35e]" started-at="2022-09-17T16:23:39 IST" name="loginTest" data-provider="getData" finished-at="2022-09-17T16:23:42 IST" duration-ms="2422" status="PASS">
          <params>
            <param index="0">
              <value>
                <![CDATA[arun.selenium11@gmail.com]]>
              </value>
            </param>
            <param index="1">
              <value>
                <![CDATA[Second@123]]>
              </value>
            </param>
            <param index="2">
              <value>
                <![CDATA[successfull]]>
              </value>
            </param>
          </params>
          <reporter-output>
          </reporter-output>
        </test-method> <!-- loginTest -->
        <test-method is-config="true" signature="tearDown()[pri:0, instance:tests.LoginTest@5454d35e]" started-at="2022-09-17T16:23:42 IST" name="tearDown" finished-at="2022-09-17T16:23:43 IST" duration-ms="731" status="PASS">
          <reporter-output>
          </reporter-output>
        </test-method> <!-- tearDown -->
      </class> <!-- tests.LoginTest -->
    </test> <!-- Test -->
  </suite> <!-- Suite -->
</testng-results>
