<?xml version="1.0" encoding="UTF-8"?>
<testng-results ignored="0" total="1" passed="1" failed="0" skipped="0">
  <reporter-output>
  </reporter-output>
  <suite started-at="2022-09-17T19:12:47 IST" name="Suite" finished-at="2022-09-17T19:12:56 IST" duration-ms="9133">
    <groups>
    </groups>
    <test started-at="2022-09-17T19:12:47 IST" name="Test" finished-at="2022-09-17T19:12:56 IST" duration-ms="9133">
      <class name="tests.TwoTest">
        <test-method is-config="true" signature="setup()[pri:0, instance:tests.TwoTest@3148f668]" started-at="2022-09-17T19:12:47 IST" name="setup" finished-at="2022-09-17T19:12:55 IST" duration-ms="7942" status="PASS">
          <reporter-output>
          </reporter-output>
        </test-method> <!-- setup -->
        <test-method signature="twoTest()[pri:0, instance:tests.TwoTest@3148f668]" started-at="2022-09-17T19:12:55 IST" name="twoTest" finished-at="2022-09-17T19:12:55 IST" duration-ms="24" status="PASS">
          <reporter-output>
          </reporter-output>
        </test-method> <!-- twoTest -->
        <test-method is-config="true" signature="tearDown()[pri:0, instance:tests.TwoTest@3148f668]" started-at="2022-09-17T19:12:55 IST" name="tearDown" finished-at="2022-09-17T19:12:56 IST" duration-ms="716" status="PASS">
          <reporter-output>
          </reporter-output>
        </test-method> <!-- tearDown -->
      </class> <!-- tests.TwoTest -->
    </test> <!-- Test -->
  </suite> <!-- Suite -->
</testng-results>
